[24806:1120/123934.087753:ERROR:gl_surface_presentation_helper.cc(260)] GetVSyncParametersIfAvailable() failed for 1 times!
[MobX] Since strict-mode is enabled, changing (observed) observable values without using an action is not allowed. Tried to modify: Settings@13.store
[36mFerdium Migration:[0m [0m 🧙‍  Running database migration wizard
[32minfo[39m: serving app on http://localhost:46569
[36mFerdium Migration:[0m [0m 🔧  Nothing to migrate, already on the newest version
[24916:1120/123939.057538:ERROR:ffmpeg_common.cc(970)] Unsupported pixel format: -1
Checking for update
Update for version 7.0.0 is not available (latest version: 7.0.0, downgrade is disallowed).
[24806:1120/124007.785843:ERROR:gl_surface_presentation_helper.cc(260)] GetVSyncParametersIfAvailable() failed for 2 times!
[24806:1120/124019.627809:ERROR:gl_surface_presentation_helper.cc(260)] GetVSyncParametersIfAvailable() failed for 3 times!
(node:24865) MaxListenersExceededWarning: Possible EventEmitter memory leak detected. 11 select-capture-device:ce334ff1-6446-4b94-a89d-d0d1700d3f6d listeners added to [IpcRenderer]. MaxListeners is 10. Use emitter.setMaxListeners() to increase limit
(Use `exe --trace-warnings ...` to show where the warning was created)
(node:24865) MaxListenersExceededWarning: Possible EventEmitter memory leak detected. 11 select-capture-device:769e5f43-ce87-4d3b-90f4-960f6840d6b8 listeners added to [IpcRenderer]. MaxListeners is 10. Use emitter.setMaxListeners() to increase limit
(node:24865) MaxListenersExceededWarning: Possible EventEmitter memory leak detected. 11 select-capture-device:bd1f2fc8-64b1-4ee2-bc03-f20f9f02c4d2 listeners added to [IpcRenderer]. MaxListeners is 10. Use emitter.setMaxListeners() to increase limit
[27180:1120/125036.287320:ERROR:ffmpeg_common.cc(970)] Unsupported pixel format: -1
(node:24865) MaxListenersExceededWarning: Possible EventEmitter memory leak detected. 11 select-capture-device:5cd29b2b-fdf7-425e-b6ea-142f861a6fdb listeners added to [IpcRenderer]. MaxListeners is 10. Use emitter.setMaxListeners() to increase limit
[24822:1120/130913.659169:ERROR:quic_connection.cc(2840)] Fails to find on path connection IDs
[24822:1120/130913.659247:ERROR:quic_connection.cc(2840)] Fails to find on path connection IDs
[24822:1120/130913.808977:ERROR:quic_connection.cc(2840)] Fails to find on path connection IDs
[24822:1120/130913.809052:ERROR:quic_connection.cc(2840)] Fails to find on path connection IDs
[24822:1120/130914.258128:ERROR:quic_connection.cc(2840)] Fails to find on path connection IDs
[24822:1120/130914.258186:ERROR:quic_connection.cc(2840)] Fails to find on path connection IDs
[24822:1120/130915.264142:ERROR:quic_connection.cc(2840)] Fails to find on path connection IDs
[24822:1120/130915.264209:ERROR:quic_connection.cc(2840)] Fails to find on path connection IDs
[24822:1120/130916.557673:ERROR:quic_connection.cc(2840)] Fails to find on path connection IDs
[24822:1120/130916.557758:ERROR:quic_connection.cc(2840)] Fails to find on path connection IDs
[24822:1120/130919.814688:ERROR:quic_connection.cc(2840)] Fails to find on path connection IDs
[24822:1120/130919.814740:ERROR:quic_connection.cc(2840)] Fails to find on path connection IDs
[MobX] Since strict-mode is enabled, changing (observed) observable values without using an action is not allowed. Tried to modify: Settings@13.store
[32279:1120/132832.386226:ERROR:ffmpeg_common.cc(970)] Unsupported pixel format: -1
Checking for update
Update for version 7.0.0 is not available (latest version: 7.0.0, downgrade is disallowed).
Attempting to call a function in a renderer window that has been closed or released.
Function provided here: SettingsStore.js:1:2272
Attempting to call a function in a renderer window that has been closed or released.
Function provided here: SettingsStore.js:1:2038
Attempting to call a function in a renderer window that has been closed or released.
Function provided here: SettingsStore.js:1:2272
(node:24865) MaxListenersExceededWarning: Possible EventEmitter memory leak detected. 11 select-capture-device:ce334ff1-6446-4b94-a89d-d0d1700d3f6d listeners added to [IpcRenderer]. MaxListeners is 10. Use emitter.setMaxListeners() to increase limit
(Use `exe --trace-warnings ...` to show where the warning was created)
Attempting to call a function in a renderer window that has been closed or released.
Function provided here: SettingsStore.js:1:2038
Attempting to call a function in a renderer window that has been closed or released.
Function provided here: SettingsStore.js:1:2272
Attempting to call a function in a renderer window that has been closed or released.
Function provided here: SettingsStore.js:1:2038
Attempting to call a function in a renderer window that has been closed or released.
Function provided here: SettingsStore.js:1:2272
Attempting to call a function in a renderer window that has been closed or released.
Function provided here: SettingsStore.js:1:2038
Attempting to call a function in a renderer window that has been closed or released.
Function provided here: SettingsStore.js:1:2272
Attempting to call a function in a renderer window that has been closed or released.
Function provided here: SettingsStore.js:1:2038
Attempting to call a function in a renderer window that has been closed or released.
Function provided here: SettingsStore.js:1:2272
Attempting to call a function in a renderer window that has been closed or released.
Function provided here: SettingsStore.js:1:2038
Attempting to call a function in a renderer window that has been closed or released.
Function provided here: SettingsStore.js:1:2272
Attempting to call a function in a renderer window that has been closed or released.
Function provided here: SettingsStore.js:1:2038
Attempting to call a function in a renderer window that has been closed or released.
Function provided here: SettingsStore.js:1:2272
Attempting to call a function in a renderer window that has been closed or released.
Function provided here: SettingsStore.js:1:2038
Checking for update
Update for version 7.0.0 is not available (latest version: 7.0.0, downgrade is disallowed).
Attempting to call a function in a renderer window that has been closed or released.
Function provided here: SettingsStore.js:1:2272
Attempting to call a function in a renderer window that has been closed or released.
Function provided here: SettingsStore.js:1:2038
Attempting to call a function in a renderer window that has been closed or released.
Function provided here: SettingsStore.js:1:2272
Attempting to call a function in a renderer window that has been closed or released.
Function provided here: SettingsStore.js:1:2038
Attempting to call a function in a renderer window that has been closed or released.
Function provided here: SettingsStore.js:1:2272
Attempting to call a function in a renderer window that has been closed or released.
Function provided here: SettingsStore.js:1:2038
Attempting to call a function in a renderer window that has been closed or released.
Function provided here: AppStore.js:1:6853
Attempting to call a function in a renderer window that has been closed or released.
Function provided here: AppStore.js:1:6853
Attempting to call a function in a renderer window that has been closed or released.
Function provided here: AppStore.js:1:6966
Attempting to call a function in a renderer window that has been closed or released.
Function provided here: AppStore.js:1:6966
Attempting to call a function in a renderer window that has been closed or released.
Function provided here: SettingsStore.js:1:2272
Attempting to call a function in a renderer window that has been closed or released.
Function provided here: SettingsStore.js:1:2038
Attempting to call a function in a renderer window that has been closed or released.
Function provided here: SettingsStore.js:1:2272
Attempting to call a function in a renderer window that has been closed or released.
Function provided here: SettingsStore.js:1:2038
Attempting to call a function in a renderer window that has been closed or released.
Function provided here: SettingsStore.js:1:2272
Attempting to call a function in a renderer window that has been closed or released.
Function provided here: SettingsStore.js:1:2038
Attempting to call a function in a renderer window that has been closed or released.
Function provided here: AppStore.js:1:6853
Attempting to call a function in a renderer window that has been closed or released.
Function provided here: AppStore.js:1:6853
Attempting to call a function in a renderer window that has been closed or released.
Function provided here: AppStore.js:1:6966
Attempting to call a function in a renderer window that has been closed or released.
Function provided here: AppStore.js:1:6966
Attempting to call a function in a renderer window that has been closed or released.
Function provided here: SettingsStore.js:1:2272
Attempting to call a function in a renderer window that has been closed or released.
Function provided here: SettingsStore.js:1:2038
Attempting to call a function in a renderer window that has been closed or released.
Function provided here: SettingsStore.js:1:2272
Attempting to call a function in a renderer window that has been closed or released.
Function provided here: SettingsStore.js:1:2038
Attempting to call a function in a renderer window that has been closed or released.
Function provided here: SettingsStore.js:1:2272
Attempting to call a function in a renderer window that has been closed or released.
Function provided here: SettingsStore.js:1:2038
Attempting to call a function in a renderer window that has been closed or released.
Function provided here: SettingsStore.js:1:2272
[32279:1120/150824.994934:ERROR:ffmpeg_common.cc(970)] Unsupported pixel format: -1
[32279:1120/150829.965476:ERROR:ffmpeg_common.cc(970)] Unsupported pixel format: -1
Attempting to call a function in a renderer window that has been closed or released.
Function provided here: SettingsStore.js:1:2038
Attempting to call a function in a renderer window that has been closed or released.
Function provided here: SettingsStore.js:1:2272
Attempting to call a function in a renderer window that has been closed or released.
Function provided here: SettingsStore.js:1:2038
Attempting to call a function in a renderer window that has been closed or released.
Function provided here: SettingsStore.js:1:2272
Attempting to call a function in a renderer window that has been closed or released.
Function provided here: SettingsStore.js:1:2038
[24763:1120/151016.165844:ERROR:zygote_communication_linux.cc(297)] Failed to send GetTerminationStatus message to zygote
[24763:1120/151016.166600:ERROR:zygote_communication_linux.cc(297)] Failed to send GetTerminationStatus message to zygote
[24763:1120/151016.167312:ERROR:zygote_communication_linux.cc(297)] Failed to send GetTerminationStatus message to zygote
[24763:1120/151016.195326:ERROR:command_buffer_proxy_impl.cc(324)] GPU state invalid after WaitForGetOffsetInRange.
[24763:1120/151016.205778:ERROR:zygote_communication_linux.cc(297)] Failed to send GetTerminationStatus message to zygote
[24763:1120/151016.213350:ERROR:network_service_instance_impl.cc(613)] Network service crashed, restarting service.
[24763:1120/151016.237796:ERROR:zygote_communication_linux.cc(297)] Failed to send GetTerminationStatus message to zygote
[24763:1120/151016.264845:ERROR:gpu_process_host.cc(976)] GPU process launch failed: error_code=1002
[24763:1120/151016.277895:ERROR:gpu_process_host.cc(976)] GPU process launch failed: error_code=1002
[24763:1120/151016.279607:ERROR:gpu_process_host.cc(976)] GPU process launch failed: error_code=1002
[24763:1120/151016.280155:ERROR:gpu_process_host.cc(976)] GPU process launch failed: error_code=1002
[24763:1120/151016.280462:ERROR:gpu_process_host.cc(976)] GPU process launch failed: error_code=1002
[24763:1120/151016.281167:ERROR:gpu_process_host.cc(976)] GPU process launch failed: error_code=1002
